TN:
SF:src/main.ts
FN:12,(anonymous_1)
FN:36,(anonymous_2)
FNF:2
FNH:1
FNDA:2,(anonymous_1)
FNDA:0,(anonymous_2)
DA:1,1
DA:2,1
DA:4,1
DA:5,1
DA:8,1
DA:9,1
DA:12,1
DA:13,2
DA:15,2
DA:16,0
DA:17,0
DA:20,2
DA:22,2
DA:23,2
DA:24,2
DA:25,2
DA:27,2
DA:28,1
DA:30,2
DA:32,2
DA:35,1
DA:36,0
DA:37,0
DA:38,0
LF:24
LH:19
BRDA:5,0,0,1
BRDA:5,0,1,1
BRDA:15,1,0,0
BRDA:15,1,1,2
BRDA:20,2,0,1
BRDA:20,2,1,1
BRDA:24,3,0,2
BRDA:24,3,1,0
BRDA:27,4,0,1
BRDA:27,4,1,1
BRDA:35,5,0,0
BRDA:35,5,1,1
BRF:12
BRH:9
end_of_record
