<?xml version="1.0" encoding="UTF-8"?>
<coverage generated="1772543809905" clover="3.2.0">
  <project timestamp="1772543809905" name="All files">
    <metrics statements="57" coveredstatements="53" conditionals="33" coveredconditionals="30" methods="11" coveredmethods="11" elements="101" coveredelements="94" complexity="0" loc="57" ncloc="57" packages="1" files="2" classes="2"/>
    <file name="config.service.ts" path="/Users/ericreboisson/My Workspace/angular-incubator/packages/config-merge/src/config.service.ts">
      <metrics statements="38" coveredstatements="36" conditionals="25" coveredconditionals="23" methods="6" coveredmethods="6"/>
      <line num="11" count="172" type="cond" truecount="3" falsecount="0"/>
      <line num="15" count="91" type="cond" truecount="2" falsecount="0"/>
      <line num="16" count="56" type="stmt"/>
      <line num="18" count="56" type="cond" truecount="3" falsecount="1"/>
      <line num="19" count="56" type="stmt"/>
      <line num="20" count="60" type="cond" truecount="2" falsecount="0"/>
      <line num="21" count="17" type="cond" truecount="2" falsecount="0"/>
      <line num="22" count="17" type="stmt"/>
      <line num="24" count="43" type="stmt"/>
      <line num="29" count="56" type="stmt"/>
      <line num="32" count="2" type="stmt"/>
      <line num="33" count="15" type="stmt"/>
      <line num="36" count="15" type="stmt"/>
      <line num="37" count="15" type="stmt"/>
      <line num="39" count="15" type="cond" truecount="2" falsecount="0"/>
      <line num="50" count="6" type="stmt"/>
      <line num="51" count="6" type="stmt"/>
      <line num="52" count="5" type="cond" truecount="2" falsecount="0"/>
      <line num="53" count="1" type="stmt"/>
      <line num="54" count="1" type="stmt"/>
      <line num="56" count="3" type="stmt"/>
      <line num="59" count="3" type="cond" truecount="2" falsecount="0"/>
      <line num="61" count="3" type="stmt"/>
      <line num="63" count="2" type="stmt"/>
      <line num="64" count="2" type="stmt"/>
      <line num="78" count="9" type="stmt"/>
      <line num="79" count="9" type="stmt"/>
      <line num="81" count="9" type="stmt"/>
      <line num="82" count="13" type="cond" truecount="3" falsecount="1"/>
      <line num="83" count="0" type="stmt"/>
      <line num="84" count="0" type="stmt"/>
      <line num="86" count="13" type="stmt"/>
      <line num="89" count="9" type="cond" truecount="2" falsecount="0"/>
      <line num="90" count="7" type="stmt"/>
      <line num="91" count="7" type="stmt"/>
      <line num="94" count="2" type="stmt"/>
      <line num="95" count="2" type="stmt"/>
      <line num="102" count="3" type="stmt"/>
    </file>
    <file name="logger.service.ts" path="/Users/ericreboisson/My Workspace/angular-incubator/packages/config-merge/src/logger.service.ts">
      <metrics statements="19" coveredstatements="17" conditionals="8" coveredconditionals="7" methods="5" coveredmethods="5"/>
      <line num="3" count="1" type="stmt"/>
      <line num="4" count="4" type="stmt"/>
      <line num="10" count="2" type="stmt"/>
      <line num="17" count="1" type="stmt"/>
      <line num="24" count="1" type="stmt"/>
      <line num="31" count="4" type="stmt"/>
      <line num="32" count="4" type="stmt"/>
      <line num="34" count="4" type="cond" truecount="2" falsecount="0"/>
      <line num="35" count="1" type="stmt"/>
      <line num="36" count="1" type="stmt"/>
      <line num="39" count="3" type="cond" truecount="3" falsecount="1"/>
      <line num="40" count="0" type="stmt"/>
      <line num="41" count="0" type="stmt"/>
      <line num="44" count="3" type="stmt"/>
      <line num="51" count="3" type="stmt"/>
      <line num="52" count="3" type="stmt"/>
      <line num="60" count="2" type="cond" truecount="2" falsecount="0"/>
      <line num="61" count="1" type="stmt"/>
      <line num="64" count="1" type="stmt"/>
    </file>
  </project>
</coverage>
