{"/Users/ericreboisson/My Workspace/angular-incubator/packages/config-merge/src/config.service.ts": {"path":"/Users/ericreboisson/My Workspace/angular-incubator/packages/config-merge/src/config.service.ts","statementMap":{"0":{"start":{"line":2,"column":31},"end":{"line":2,"column":35}},"1":{"start":{"line":4,"column":24},"end":{"line":4,"column":49}},"2":{"start":{"line":5,"column":8},"end":{"line":5,"column":52}},"3":{"start":{"line":16,"column":8},"end":{"line":31,"column":9}},"4":{"start":{"line":17,"column":29},"end":{"line":17,"column":57}},"5":{"start":{"line":18,"column":12},"end":{"line":21,"column":13}},"6":{"start":{"line":19,"column":16},"end":{"line":19,"column":130}},"7":{"start":{"line":20,"column":16},"end":{"line":20,"column":40}},"8":{"start":{"line":22,"column":33},"end":{"line":22,"column":54}},"9":{"start":{"line":25,"column":12},"end":{"line":25,"column":83}},"10":{"start":{"line":27,"column":12},"end":{"line":27,"column":31}},"11":{"start":{"line":29,"column":12},"end":{"line":29,"column":82}},"12":{"start":{"line":30,"column":12},"end":{"line":30,"column":36}},"13":{"start":{"line":39,"column":8},"end":{"line":41,"column":9}},"14":{"start":{"line":40,"column":12},"end":{"line":40,"column":85}},"15":{"start":{"line":42,"column":8},"end":{"line":42,"column":27}},"16":{"start":{"line":1,"column":0},"end":{"line":1,"column":13}}},"fnMap":{"0":{"name":"(anonymous_0)","decl":{"start":{"line":4,"column":4},"end":{"line":4,"column":24}},"loc":{"start":{"line":4,"column":49},"end":{"line":6,"column":5}}},"1":{"name":"(anonymous_1)","decl":{"start":{"line":15,"column":4},"end":{"line":15,"column":9}},"loc":{"start":{"line":15,"column":46},"end":{"line":32,"column":5}}},"2":{"name":"(anonymous_2)","decl":{"start":{"line":38,"column":4},"end":{"line":38,"column":13}},"loc":{"start":{"line":38,"column":13},"end":{"line":43,"column":5}}}},"branchMap":{"0":{"loc":{"start":{"line":18,"column":12},"end":{"line":21,"column":13}},"type":"if","locations":[{"start":{"line":18,"column":12},"end":{"line":21,"column":13}},{"start":{},"end":{}}]},"1":{"loc":{"start":{"line":39,"column":8},"end":{"line":41,"column":9}},"type":"if","locations":[{"start":{"line":39,"column":8},"end":{"line":41,"column":9}},{"start":{},"end":{}}]}},"s":{"0":8,"1":8,"2":8,"3":4,"4":4,"5":3,"6":1,"7":1,"8":1,"9":1,"10":1,"11":2,"12":2,"13":2,"14":0,"15":2,"16":2},"f":{"0":8,"1":4,"2":2},"b":{"0":[1,1],"1":[0,2]}}
,"/Users/ericreboisson/My Workspace/angular-incubator/packages/config-merge/src/logger.service.ts": {"path":"/Users/ericreboisson/My Workspace/angular-incubator/packages/config-merge/src/logger.service.ts","statementMap":{"0":{"start":{"line":8,"column":24},"end":{"line":8,"column":55}},"1":{"start":{"line":17,"column":23},"end":{"line":17,"column":53}},"2":{"start":{"line":20,"column":8},"end":{"line":23,"column":9}},"3":{"start":{"line":21,"column":12},"end":{"line":21,"column":101}},"4":{"start":{"line":22,"column":12},"end":{"line":22,"column":19}},"5":{"start":{"line":25,"column":24},"end":{"line":30,"column":10}},"6":{"start":{"line":32,"column":8},"end":{"line":46,"column":9}},"7":{"start":{"line":33,"column":29},"end":{"line":39,"column":14}},"8":{"start":{"line":41,"column":12},"end":{"line":43,"column":13}},"9":{"start":{"line":42,"column":16},"end":{"line":42,"column":129}},"10":{"start":{"line":45,"column":12},"end":{"line":45,"column":88}},"11":{"start":{"line":50,"column":8},"end":{"line":50,"column":50}},"12":{"start":{"line":54,"column":8},"end":{"line":54,"column":50}},"13":{"start":{"line":58,"column":8},"end":{"line":58,"column":51}},"14":{"start":{"line":7,"column":0},"end":{"line":7,"column":13}}},"fnMap":{"0":{"name":"(anonymous_0)","decl":{"start":{"line":8,"column":4},"end":{"line":8,"column":24}},"loc":{"start":{"line":8,"column":55},"end":{"line":8,"column":60}}},"1":{"name":"(anonymous_1)","decl":{"start":{"line":16,"column":4},"end":{"line":16,"column":9}},"loc":{"start":{"line":16,"column":94},"end":{"line":47,"column":5}}},"2":{"name":"(anonymous_2)","decl":{"start":{"line":49,"column":4},"end":{"line":49,"column":8}},"loc":{"start":{"line":49,"column":55},"end":{"line":51,"column":5}}},"3":{"name":"(anonymous_3)","decl":{"start":{"line":53,"column":4},"end":{"line":53,"column":8}},"loc":{"start":{"line":53,"column":55},"end":{"line":55,"column":5}}},"4":{"name":"(anonymous_4)","decl":{"start":{"line":57,"column":4},"end":{"line":57,"column":9}},"loc":{"start":{"line":57,"column":56},"end":{"line":59,"column":5}}}},"branchMap":{"0":{"loc":{"start":{"line":20,"column":8},"end":{"line":23,"column":9}},"type":"if","locations":[{"start":{"line":20,"column":8},"end":{"line":23,"column":9}},{"start":{},"end":{}}]},"1":{"loc":{"start":{"line":41,"column":12},"end":{"line":43,"column":13}},"type":"if","locations":[{"start":{"line":41,"column":12},"end":{"line":43,"column":13}},{"start":{},"end":{}}]}},"s":{"0":4,"1":4,"2":4,"3":1,"4":1,"5":3,"6":3,"7":3,"8":2,"9":1,"10":1,"11":2,"12":1,"13":1,"14":1},"f":{"0":4,"1":4,"2":2,"3":1,"4":1},"b":{"0":[1,3],"1":[1,1]}}
}
