{"/Users/ericreboisson/My Workspace/angular-incubator/packages/config-merge/src/config.service.ts": {"path":"/Users/ericreboisson/My Workspace/angular-incubator/packages/config-merge/src/config.service.ts","statementMap":{"0":{"start":{"line":2,"column":31},"end":{"line":2,"column":35}},"1":{"start":{"line":4,"column":24},"end":{"line":4,"column":49}},"2":{"start":{"line":5,"column":8},"end":{"line":5,"column":52}},"3":{"start":{"line":16,"column":8},"end":{"line":31,"column":9}},"4":{"start":{"line":17,"column":29},"end":{"line":17,"column":57}},"5":{"start":{"line":18,"column":12},"end":{"line":21,"column":13}},"6":{"start":{"line":19,"column":16},"end":{"line":19,"column":130}},"7":{"start":{"line":20,"column":16},"end":{"line":20,"column":40}},"8":{"start":{"line":22,"column":33},"end":{"line":22,"column":54}},"9":{"start":{"line":25,"column":12},"end":{"line":25,"column":83}},"10":{"start":{"line":27,"column":12},"end":{"line":27,"column":31}},"11":{"start":{"line":29,"column":12},"end":{"line":29,"column":82}},"12":{"start":{"line":30,"column":12},"end":{"line":30,"column":36}},"13":{"start":{"line":41,"column":8},"end":{"line":41,"column":58}},"14":{"start":{"line":53,"column":21},"end":{"line":53,"column":36}},"15":{"start":{"line":54,"column":27},"end":{"line":54,"column":38}},"16":{"start":{"line":56,"column":8},"end":{"line":61,"column":9}},"17":{"start":{"line":57,"column":12},"end":{"line":59,"column":13}},"18":{"start":{"line":58,"column":16},"end":{"line":58,"column":36}},"19":{"start":{"line":60,"column":12},"end":{"line":60,"column":35}},"20":{"start":{"line":63,"column":8},"end":{"line":63,"column":62}},"21":{"start":{"line":70,"column":8},"end":{"line":70,"column":32}},"22":{"start":{"line":1,"column":0},"end":{"line":1,"column":13}}},"fnMap":{"0":{"name":"(anonymous_0)","decl":{"start":{"line":4,"column":4},"end":{"line":4,"column":24}},"loc":{"start":{"line":4,"column":49},"end":{"line":6,"column":5}}},"1":{"name":"(anonymous_1)","decl":{"start":{"line":15,"column":4},"end":{"line":15,"column":9}},"loc":{"start":{"line":15,"column":46},"end":{"line":32,"column":5}}},"2":{"name":"(anonymous_2)","decl":{"start":{"line":40,"column":4},"end":{"line":40,"column":15}},"loc":{"start":{"line":40,"column":41},"end":{"line":42,"column":5}}},"3":{"name":"(anonymous_3)","decl":{"start":{"line":52,"column":4},"end":{"line":52,"column":7}},"loc":{"start":{"line":52,"column":47},"end":{"line":64,"column":5}}},"4":{"name":"(anonymous_4)","decl":{"start":{"line":69,"column":4},"end":{"line":69,"column":13}},"loc":{"start":{"line":69,"column":13},"end":{"line":71,"column":5}}}},"branchMap":{"0":{"loc":{"start":{"line":18,"column":12},"end":{"line":21,"column":13}},"type":"if","locations":[{"start":{"line":18,"column":12},"end":{"line":21,"column":13}},{"start":{},"end":{}}]},"1":{"loc":{"start":{"line":41,"column":15},"end":{"line":41,"column":57}},"type":"cond-expr","locations":[{"start":{"line":41,"column":29},"end":{"line":41,"column":45}},{"start":{"line":41,"column":48},"end":{"line":41,"column":57}}]},"2":{"loc":{"start":{"line":57,"column":12},"end":{"line":59,"column":13}},"type":"if","locations":[{"start":{"line":57,"column":12},"end":{"line":59,"column":13}},{"start":{},"end":{}}]},"3":{"loc":{"start":{"line":57,"column":16},"end":{"line":57,"column":57}},"type":"binary-expr","locations":[{"start":{"line":57,"column":16},"end":{"line":57,"column":37}},{"start":{"line":57,"column":41},"end":{"line":57,"column":57}}]},"4":{"loc":{"start":{"line":63,"column":15},"end":{"line":63,"column":61}},"type":"cond-expr","locations":[{"start":{"line":63,"column":39},"end":{"line":63,"column":46}},{"start":{"line":63,"column":49},"end":{"line":63,"column":61}}]}},"s":{"0":11,"1":11,"2":11,"3":5,"4":5,"5":4,"6":1,"7":1,"8":2,"9":2,"10":2,"11":2,"12":2,"13":1,"14":4,"15":4,"16":4,"17":7,"18":0,"19":7,"20":4,"21":2,"22":2},"f":{"0":11,"1":5,"2":1,"3":4,"4":2},"b":{"0":[1,2],"1":[1,0],"2":[0,7],"3":[7,7],"4":[2,2]}}
,"/Users/ericreboisson/My Workspace/angular-incubator/packages/config-merge/src/logger.service.ts": {"path":"/Users/ericreboisson/My Workspace/angular-incubator/packages/config-merge/src/logger.service.ts","statementMap":{"0":{"start":{"line":4,"column":24},"end":{"line":4,"column":55}},"1":{"start":{"line":10,"column":8},"end":{"line":10,"column":50}},"2":{"start":{"line":17,"column":8},"end":{"line":17,"column":50}},"3":{"start":{"line":24,"column":8},"end":{"line":24,"column":51}},"4":{"start":{"line":32,"column":29},"end":{"line":32,"column":93}},"5":{"start":{"line":33,"column":28},"end":{"line":33,"column":84}},"6":{"start":{"line":35,"column":8},"end":{"line":38,"column":9}},"7":{"start":{"line":36,"column":12},"end":{"line":36,"column":105}},"8":{"start":{"line":37,"column":12},"end":{"line":37,"column":19}},"9":{"start":{"line":40,"column":8},"end":{"line":43,"column":9}},"10":{"start":{"line":41,"column":12},"end":{"line":41,"column":129}},"11":{"start":{"line":42,"column":12},"end":{"line":42,"column":19}},"12":{"start":{"line":45,"column":24},"end":{"line":50,"column":10}},"13":{"start":{"line":52,"column":8},"end":{"line":66,"column":9}},"14":{"start":{"line":53,"column":29},"end":{"line":59,"column":14}},"15":{"start":{"line":61,"column":12},"end":{"line":63,"column":13}},"16":{"start":{"line":62,"column":16},"end":{"line":62,"column":121}},"17":{"start":{"line":65,"column":12},"end":{"line":65,"column":88}},"18":{"start":{"line":3,"column":0},"end":{"line":3,"column":13}}},"fnMap":{"0":{"name":"(anonymous_0)","decl":{"start":{"line":4,"column":4},"end":{"line":4,"column":24}},"loc":{"start":{"line":4,"column":55},"end":{"line":4,"column":60}}},"1":{"name":"(anonymous_1)","decl":{"start":{"line":9,"column":4},"end":{"line":9,"column":9}},"loc":{"start":{"line":9,"column":61},"end":{"line":11,"column":5}}},"2":{"name":"(anonymous_2)","decl":{"start":{"line":16,"column":4},"end":{"line":16,"column":9}},"loc":{"start":{"line":16,"column":61},"end":{"line":18,"column":5}}},"3":{"name":"(anonymous_3)","decl":{"start":{"line":23,"column":4},"end":{"line":23,"column":9}},"loc":{"start":{"line":23,"column":62},"end":{"line":25,"column":5}}},"4":{"name":"(anonymous_4)","decl":{"start":{"line":30,"column":12},"end":{"line":30,"column":17}},"loc":{"start":{"line":30,"column":102},"end":{"line":67,"column":5}}}},"branchMap":{"0":{"loc":{"start":{"line":35,"column":8},"end":{"line":38,"column":9}},"type":"if","locations":[{"start":{"line":35,"column":8},"end":{"line":38,"column":9}},{"start":{},"end":{}}]},"1":{"loc":{"start":{"line":40,"column":8},"end":{"line":43,"column":9}},"type":"if","locations":[{"start":{"line":40,"column":8},"end":{"line":43,"column":9}},{"start":{},"end":{}}]},"2":{"loc":{"start":{"line":40,"column":12},"end":{"line":40,"column":59}},"type":"binary-expr","locations":[{"start":{"line":40,"column":12},"end":{"line":40,"column":24}},{"start":{"line":40,"column":28},"end":{"line":40,"column":59}}]},"3":{"loc":{"start":{"line":61,"column":12},"end":{"line":63,"column":13}},"type":"if","locations":[{"start":{"line":61,"column":12},"end":{"line":63,"column":13}},{"start":{},"end":{}}]}},"s":{"0":4,"1":2,"2":1,"3":1,"4":4,"5":4,"6":4,"7":1,"8":1,"9":3,"10":0,"11":0,"12":3,"13":3,"14":3,"15":2,"16":1,"17":1,"18":1},"f":{"0":4,"1":2,"2":1,"3":1,"4":4},"b":{"0":[1,3],"1":[0,3],"2":[3,3],"3":[1,1]}}
}
