TN:
SF:src/config.service.ts
FN:32,isObject
FN:36,deepMerge
FN:57,(anonymous_2)
FN:71,(anonymous_3)
FN:99,(anonymous_4)
FN:126,(anonymous_5)
FNF:6
FNH:6
FNDA:172,isObject
FNDA:91,deepMerge
FNDA:15,(anonymous_2)
FNDA:6,(anonymous_3)
FNDA:9,(anonymous_4)
FNDA:3,(anonymous_5)
DA:33,172
DA:37,91
DA:38,56
DA:40,56
DA:41,56
DA:42,60
DA:43,17
DA:44,17
DA:46,43
DA:51,56
DA:54,2
DA:55,15
DA:58,15
DA:59,15
DA:61,15
DA:72,6
DA:73,6
DA:74,5
DA:75,1
DA:76,1
DA:78,3
DA:81,3
DA:83,3
DA:85,2
DA:86,2
DA:103,9
DA:104,9
DA:106,9
DA:107,13
DA:108,0
DA:109,0
DA:111,13
DA:114,9
DA:115,7
DA:116,7
DA:119,2
DA:120,2
DA:127,3
LF:38
LH:36
BRDA:33,0,0,172
BRDA:33,0,1,158
BRDA:33,0,2,129
BRDA:37,1,0,35
BRDA:37,1,1,56
BRDA:40,2,0,56
BRDA:40,2,1,0
BRDA:40,3,0,56
BRDA:40,3,1,56
BRDA:42,4,0,17
BRDA:42,4,1,43
BRDA:43,5,0,16
BRDA:43,5,1,1
BRDA:61,6,0,15
BRDA:61,6,1,13
BRDA:74,7,0,1
BRDA:74,7,1,3
BRDA:81,8,0,3
BRDA:81,8,1,2
BRDA:107,9,0,0
BRDA:107,9,1,13
BRDA:107,10,0,13
BRDA:107,10,1,13
BRDA:114,11,0,7
BRDA:114,11,1,2
BRF:25
BRH:23
end_of_record
TN:
SF:src/logger.service.ts
FN:4,(anonymous_0)
FN:9,(anonymous_1)
FN:16,(anonymous_2)
FN:23,(anonymous_3)
FN:30,(anonymous_4)
FNF:5
FNH:5
FNDA:4,(anonymous_0)
FNDA:2,(anonymous_1)
FNDA:1,(anonymous_2)
FNDA:1,(anonymous_3)
FNDA:4,(anonymous_4)
DA:3,1
DA:4,4
DA:10,2
DA:17,1
DA:24,1
DA:31,4
DA:32,4
DA:34,4
DA:35,1
DA:36,1
DA:39,3
DA:40,0
DA:41,0
DA:44,3
DA:51,3
DA:52,3
DA:60,2
DA:61,1
DA:64,1
LF:19
LH:17
BRDA:34,0,0,1
BRDA:34,0,1,3
BRDA:39,1,0,0
BRDA:39,1,1,3
BRDA:39,2,0,3
BRDA:39,2,1,3
BRDA:60,3,0,1
BRDA:60,3,1,1
BRF:8
BRH:7
end_of_record
