TN:
SF:src/config.service.ts
FN:4,(anonymous_0)
FN:15,(anonymous_1)
FN:41,(anonymous_2)
FN:53,(anonymous_3)
FNF:4
FNH:3
FNDA:8,(anonymous_0)
FNDA:4,(anonymous_1)
FNDA:0,(anonymous_2)
FNDA:2,(anonymous_3)
DA:1,2
DA:2,8
DA:4,8
DA:5,8
DA:16,4
DA:17,4
DA:18,3
DA:19,1
DA:20,1
DA:22,1
DA:25,1
DA:27,1
DA:29,2
DA:30,2
DA:42,0
DA:43,0
DA:44,0
DA:46,0
DA:54,2
DA:55,0
DA:57,2
LF:21
LH:16
BRDA:18,0,0,1
BRDA:18,0,1,1
BRDA:42,1,0,0
BRDA:42,1,1,0
BRDA:54,2,0,0
BRDA:54,2,1,2
BRF:6
BRH:3
end_of_record
TN:
SF:src/logger.service.ts
FN:4,(anonymous_0)
FN:9,(anonymous_1)
FN:16,(anonymous_2)
FN:23,(anonymous_3)
FN:30,(anonymous_4)
FNF:5
FNH:5
FNDA:4,(anonymous_0)
FNDA:2,(anonymous_1)
FNDA:1,(anonymous_2)
FNDA:1,(anonymous_3)
FNDA:4,(anonymous_4)
DA:3,1
DA:4,4
DA:10,2
DA:17,1
DA:24,1
DA:32,4
DA:33,4
DA:35,4
DA:36,1
DA:37,1
DA:40,3
DA:41,0
DA:42,0
DA:45,3
DA:52,3
DA:53,3
DA:61,2
DA:62,1
DA:65,1
LF:19
LH:17
BRDA:35,0,0,1
BRDA:35,0,1,3
BRDA:40,1,0,0
BRDA:40,1,1,3
BRDA:40,2,0,3
BRDA:40,2,1,3
BRDA:61,3,0,1
BRDA:61,3,1,1
BRF:8
BRH:7
end_of_record
